npm WARN ignoring workspace config at /Users/josef/Code/wwyb/apps/game/.npmrc 

> lint
> eslint --cache --cache-location ./node_modules/.cache/eslint .


/Users/josef/Code/wwyb/apps/game/app/components/domRenderer/DOMRenderer.tsx
  16:10  error  'TileRenderer' is defined but never used  @typescript-eslint/no-unused-vars

/Users/josef/Code/wwyb/apps/game/app/engine/ClientEventService.ts
  28:3  warning  Useless constructor  no-useless-constructor

/Users/josef/Code/wwyb/apps/game/app/engine/EntityDB/Evictor.ts
  9:3  warning  Useless constructor  no-useless-constructor

/Users/josef/Code/wwyb/apps/game/app/engine/InventoryService.ts
  6:3  warning  Useless constructor  no-useless-constructor

/Users/josef/Code/wwyb/apps/game/app/engine/WorldDB.ts
  19:6  error  'EntityMap' is defined but never used  @typescript-eslint/no-unused-vars

/Users/josef/Code/wwyb/apps/game/app/entityDbDemo.ts
  35:7  error  'player' is assigned a value but never used                @typescript-eslint/no-unused-vars
  42:7  error  'found' is assigned a value but never used                 @typescript-eslint/no-unused-vars
  44:7  error  'foundByName' is assigned a value but never used           @typescript-eslint/no-unused-vars
  46:7  error  'foundByPosition' is assigned a value but never used       @typescript-eslint/no-unused-vars
  48:7  error  'foundByPositionRange' is assigned a value but never used  @typescript-eslint/no-unused-vars

/Users/josef/Code/wwyb/apps/game/app/routes/game._index.tsx
  24:10  error  'PasswordWarning' is defined but never used  @typescript-eslint/no-unused-vars

/Users/josef/Code/wwyb/apps/game/app/routes/login.$username.tsx
  6:26  error  '/Users/josef/Code/wwyb/apps/game/node_modules/@remix-run/node/dist/index.js' imported multiple times  import/no-duplicates
  7:22  error  '/Users/josef/Code/wwyb/apps/game/node_modules/@remix-run/node/dist/index.js' imported multiple times  import/no-duplicates

/Users/josef/Code/wwyb/apps/game/app/utils.ts
  3:1  warning  All imports in the declaration are only used as types. Use `import type`  @typescript-eslint/consistent-type-imports

/Users/josef/Code/wwyb/apps/game/map/location.tsx
  1:0  error  Parsing error: Expression expected

/Users/josef/Code/wwyb/apps/game/map/nature.tsx
  1:0  error  Parsing error: Expression expected

/Users/josef/Code/wwyb/apps/game/map/wall.tsx
  1:0  error  Parsing error: Expression expected

✖ 17 problems (13 errors, 4 warnings)
  1 error and 1 warning potentially fixable with the `--fix` option.

npm ERR! Lifecycle script `lint` failed with error: 
npm ERR! Error: command failed 
npm ERR!   in workspace: game 
npm ERR!   at location: /Users/josef/Code/wwyb/apps/game 
